#
# A fatal error has been detected by the Java Runtime Environment:
#
#  EXCEPTION_ACCESS_VIOLATION (0xc0000005) at pc=0x00007ff9a6bdbcb9, pid=5156, tid=0x0000000000001538
#
# JRE version: Java(TM) SE Runtime Environment (8.0_271-b09) (build 1.8.0_271-b09)
# Java VM: Java HotSpot(TM) 64-Bit Server VM (25.271-b09 mixed mode windows-amd64 compressed oops)
# Problematic frame:
# C  [glass.dll+0x1bcb9]
#
# Failed to write core dump. Minidumps are not enabled by default on client versions of Windows
#
# If you would like to submit a bug report, please visit:
#   http://bugreport.java.com/bugreport/crash.jsp
# The crash happened outside the Java Virtual Machine in native code.
# See problematic frame for where to report the bug.
#

---------------  T H R E A D  ---------------

Current thread (0x00000007711fa800):  JavaThread "JavaFX Application Thread" [_thread_in_native, id=5432, stack(0x0000000771b30000,0x0000000771c30000)]

siginfo: ExceptionCode=0xc0000005, reading address 0x00000007778c80a8

Registers:
RAX=0x0000000000000000, RBX=0x00000007778c7fa0, RCX=0x8ae3c05c5f6b0000, RDX=0x000000077081d178
RSP=0x0000000771c2f170, RBP=0x0000000771c2f1c9, RSI=0x0000000000000100, RDI=0x00000007778c7fa0
R8 =0x0000000000000005, R9 =0x0000000000000006, R10=0x0000000771239080, R11=0x0000000771c2ef70
R12=0x0000000000000000, R13=0x00007ff9a6bc1740, R14=0x000000000000000d, R15=0x00000000001c0001
RIP=0x00007ff9a6bdbcb9, EFLAGS=0x0000000000010206

Top of Stack: (sp=0x0000000771c2f170)
0x0000000771c2f170:   0000000757000000 00000007778c7fa0
0x0000000771c2f180:   00000000001c0001 00007ff9b77c7135
0x0000000771c2f190:   00000000001c0001 00007ff9b9953117
0x0000000771c2f1a0:   0000000000000000 0000000771c2f1b0
0x0000000771c2f1b0:   0000000000180016 0000000000000000
0x0000000771c2f1c0:   0000000000000000 00000007779c6610
0x0000000771c2f1d0:   0000000000020000 00008ae4b19eae1b
0x0000000771c2f1e0:   00000000000107a4 00007ff9a6be75b0
0x0000000771c2f1f0:   0000000000000000 00000007778c7fa0
0x0000000771c2f200:   0000000000000100 00000000001c0001
0x0000000771c2f210:   00000000000107a4 0000000000000100
0x0000000771c2f220:   000000000000000d 00007ff9a6bc17a8
0x0000000771c2f230:   000000000000000d 00000000000107a4
0x0000000771c2f240:   0000000000000000 000000000000000d
0x0000000771c2f250:   0000000000000000 00007ff9b79200dc
0x0000000771c2f260:   0000000000000000 0000000771c2f4a0 

Instructions: (pc=0x00007ff9a6bdbcb9)
0x00007ff9a6bdbc99:   00 00 0f 84 32 04 00 00 48 8b 57 08 48 8d 4f 28
0x00007ff9a6bdbca9:   4d 8b ce 4c 89 7c 24 20 44 8b c6 e8 47 37 00 00
0x00007ff9a6bdbcb9:   48 83 bf 08 01 00 00 00 0f 85 39 fc ff ff 49 83
0x00007ff9a6bdbcc9:   fe 12 0f 84 02 04 00 00 49 83 fe 79 0f 85 25 fc 


Register to memory mapping:

RAX=0x0000000000000000 is an unknown value
RBX=0x00000007778c7fa0 is an unknown value
RCX=0x8ae3c05c5f6b0000 is an unknown value
RDX=0x000000077081d178 is an unknown value
RSP=0x0000000771c2f170 is pointing into the stack for thread: 0x00000007711fa800
RBP=0x0000000771c2f1c9 is pointing into the stack for thread: 0x00000007711fa800
RSI=0x0000000000000100 is an unknown value
RDI=0x00000007778c7fa0 is an unknown value
R8 =0x0000000000000005 is an unknown value
R9 =0x0000000000000006 is an unknown value
R10=0x0000000771239080 is an unknown value
R11=0x0000000771c2ef70 is pointing into the stack for thread: 0x00000007711fa800
R12=0x0000000000000000 is an unknown value
R13=0x00007ff9a6bc1740 is an unknown value
R14=0x000000000000000d is an unknown value
R15=0x00000000001c0001 is an unknown value


Stack: [0x0000000771b30000,0x0000000771c30000],  sp=0x0000000771c2f170,  free space=1020k
Native frames: (J=compiled Java code, j=interpreted, Vv=VM code, C=native code)
C  [glass.dll+0x1bcb9]
C  [glass.dll+0x17a8]
C  [USER32.dll+0x100dc]
C  [USER32.dll+0xfc07]
C  [glass.dll+0xa6fd]
C  0x0000000758c89f4e

Java frames: (J=compiled Java code, j=interpreted, Vv=VM code)
j  com.sun.glass.ui.win.WinApplication._runLoop(Ljava/lang/Runnable;)V+0
j  com.sun.glass.ui.win.WinApplication.lambda$null$4(ILjava/lang/Runnable;)V+8
j  com.sun.glass.ui.win.WinApplication$$Lambda$38.run()V+12
j  java.lang.Thread.run()V+11
v  ~StubRoutines::call_stub

---------------  P R O C E S S  ---------------

Java Threads: ( => current thread )
  0x0000000777934800 JavaThread "Timer-0" [_thread_blocked, id=7928, stack(0x000000077a380000,0x000000077a480000)]
  0x0000000777d76000 JavaThread "Abandoned connection cleanup thread" daemon [_thread_blocked, id=8524, stack(0x0000000779c30000,0x0000000779d30000)]
  0x00000007717a9000 JavaThread "Prism Font Disposer" daemon [_thread_blocked, id=7556, stack(0x00000007777a0000,0x00000007778a0000)]
  0x000000077141f800 JavaThread "Thread-3" daemon [_thread_in_native, id=8416, stack(0x0000000776250000,0x0000000776350000)]
  0x000000077140b000 JavaThread "JavaFX-Launcher" [_thread_blocked, id=3260, stack(0x0000000776350000,0x0000000776450000)]
=>0x00000007711fa800 JavaThread "JavaFX Application Thread" [_thread_in_native, id=5432, stack(0x0000000771b30000,0x0000000771c30000)]
  0x000000077123c800 JavaThread "Thread-1" daemon [_thread_blocked, id=7396, stack(0x0000000771a30000,0x0000000771b30000)]
  0x0000000770804000 JavaThread "QuantumRenderer-0" daemon [_thread_blocked, id=7708, stack(0x0000000770cc0000,0x0000000770dc0000)]
  0x0000000770450800 JavaThread "Service Thread" daemon [_thread_blocked, id=5380, stack(0x0000000770840000,0x0000000770940000)]
  0x000000076e78d000 JavaThread "C1 CompilerThread3" daemon [_thread_blocked, id=3252, stack(0x0000000770340000,0x0000000770440000)]
  0x000000076e785800 JavaThread "C2 CompilerThread2" daemon [_thread_blocked, id=7640, stack(0x0000000770240000,0x0000000770340000)]
  0x000000076e785000 JavaThread "C2 CompilerThread1" daemon [_thread_blocked, id=8500, stack(0x0000000770140000,0x0000000770240000)]
  0x000000076e782000 JavaThread "C2 CompilerThread0" daemon [_thread_blocked, id=6504, stack(0x0000000770040000,0x0000000770140000)]
  0x000000076e781000 JavaThread "Attach Listener" daemon [_thread_blocked, id=7744, stack(0x000000076ff40000,0x0000000770040000)]
  0x000000076e77d000 JavaThread "Signal Dispatcher" daemon [_thread_blocked, id=8464, stack(0x000000076fe40000,0x000000076ff40000)]
  0x000000076e75a000 JavaThread "Finalizer" daemon [_thread_blocked, id=8452, stack(0x000000076fc40000,0x000000076fd40000)]
  0x000000076db66800 JavaThread "Reference Handler" daemon [_thread_blocked, id=8652, stack(0x000000076fb40000,0x000000076fc40000)]
  0x0000000757032000 JavaThread "main" [_thread_blocked, id=7692, stack(0x0000000757400000,0x0000000757500000)]

Other Threads:
  0x000000076e732800 VMThread [stack: 0x000000076fa40000,0x000000076fb40000] [id=584]
  0x0000000770463000 WatcherThread [stack: 0x0000000770940000,0x0000000770a40000] [id=2448]

VM state:not at safepoint (normal execution)

VM Mutex/Monitor currently owned by a thread: None

heap address: 0x0000000081400000, size: 2028 MB, Compressed Oops mode: 32-bit
Narrow klass base: 0x0000000000000000, Narrow klass shift: 3
Compressed class space size: 1073741824 Address: 0x0000000100000000

Heap:
 PSYoungGen      total 38400K, used 34785K [0x00000000d5c00000, 0x00000000d8680000, 0x0000000100000000)
  eden space 33280K, 90% used [0x00000000d5c00000,0x00000000d7958648,0x00000000d7c80000)
  from space 5120K, 92% used [0x00000000d7c80000,0x00000000d8120060,0x00000000d8180000)
  to   space 5120K, 0% used [0x00000000d8180000,0x00000000d8180000,0x00000000d8680000)
 ParOldGen       total 68608K, used 17283K [0x0000000081400000, 0x0000000085700000, 0x00000000d5c00000)
  object space 68608K, 25% used [0x0000000081400000,0x00000000824e0d70,0x0000000085700000)
 Metaspace       used 26792K, capacity 28372K, committed 28544K, reserved 1073152K
  class space    used 3591K, capacity 3901K, committed 3968K, reserved 1048576K

Card table byte_map: [0x0000000768030000,0x0000000768430000] byte_map_base: 0x0000000767c26000

Marking Bits: (ParMarkBitMap*) 0x000000005b937fe0
 Begin Bits: [0x0000000768ee0000, 0x000000076ae90000)
 End Bits:   [0x000000076ae90000, 0x000000076ce40000)

Polling page: 0x0000000756ff0000

CodeCache: size=245760Kb used=14776Kb max_used=14776Kb free=230983Kb
 bounds [0x0000000758c70000, 0x0000000759b10000, 0x0000000767c70000]
 total_blobs=5262 nmethods=4482 adapters=691
 compilation: enabled

Compilation events (10 events):
Event: 35.514 Thread 0x000000076e78d000 4760       1       com.sun.javafx.scene.control.behavior.BehaviorBase::getControl (5 bytes)
Event: 35.515 Thread 0x000000076e78d000 nmethod 4760 0x0000000759097710 code [0x0000000759097860, 0x0000000759097978]
Event: 35.519 Thread 0x000000076e78d000 4761       3       com.sun.javafx.geom.transform.AffineBase::scale (284 bytes)
Event: 35.520 Thread 0x000000076e78d000 nmethod 4761 0x0000000758f7a650 code [0x0000000758f7a840, 0x0000000758f7aff0]
Event: 35.773 Thread 0x000000076e78d000 4762       1       com.sun.javafx.geom.transform.Affine3D::getMxz (5 bytes)
Event: 35.773 Thread 0x000000076e78d000 nmethod 4762 0x00000007590b3790 code [0x00000007590b38e0, 0x00000007590b39f8]
Event: 35.774 Thread 0x000000076e78d000 4763       1       com.sun.javafx.geom.transform.Affine3D::getMyz (5 bytes)
Event: 35.774 Thread 0x000000076e78d000 nmethod 4763 0x00000007591d4690 code [0x00000007591d47e0, 0x00000007591d48f8]
Event: 35.874 Thread 0x000000076e78d000 4764       3       com.sun.javafx.application.PlatformImpl::isFxApplicationThread (7 bytes)
Event: 35.874 Thread 0x000000076e78d000 nmethod 4764 0x0000000758f0c350 code [0x0000000758f0c4c0, 0x0000000758f0c790]

GC Heap History (8 events):
Event: 0.565 GC heap before
{Heap before GC invocations=1 (full 0):
 PSYoungGen      total 38400K, used 31277K [0x00000000d5c00000, 0x00000000d8680000, 0x0000000100000000)
  eden space 33280K, 93% used [0x00000000d5c00000,0x00000000d7a8b708,0x00000000d7c80000)
  from space 5120K, 0% used [0x00000000d8180000,0x00000000d8180000,0x00000000d8680000)
  to   space 5120K, 0% used [0x00000000d7c80000,0x00000000d7c80000,0x00000000d8180000)
 ParOldGen       total 87552K, used 0K [0x0000000081400000, 0x0000000086980000, 0x00000000d5c00000)
  object space 87552K, 0% used [0x0000000081400000,0x0000000081400000,0x0000000086980000)
 Metaspace       used 14549K, capacity 15094K, committed 15360K, reserved 1062912K
  class space    used 2112K, capacity 2253K, committed 2304K, reserved 1048576K
Event: 0.568 GC heap after
Heap after GC invocations=1 (full 0):
 PSYoungGen      total 38400K, used 4536K [0x00000000d5c00000, 0x00000000d8680000, 0x0000000100000000)
  eden space 33280K, 0% used [0x00000000d5c00000,0x00000000d5c00000,0x00000000d7c80000)
  from space 5120K, 88% used [0x00000000d7c80000,0x00000000d80ee330,0x00000000d8180000)
  to   space 5120K, 0% used [0x00000000d8180000,0x00000000d8180000,0x00000000d8680000)
 ParOldGen       total 87552K, used 80K [0x0000000081400000, 0x0000000086980000, 0x00000000d5c00000)
  object space 87552K, 0% used [0x0000000081400000,0x0000000081414010,0x0000000086980000)
 Metaspace       used 14549K, capacity 15094K, committed 15360K, reserved 1062912K
  class space    used 2112K, capacity 2253K, committed 2304K, reserved 1048576K
}
Event: 5.451 GC heap before
{Heap before GC invocations=2 (full 0):
 PSYoungGen      total 38400K, used 37711K [0x00000000d5c00000, 0x00000000d8680000, 0x0000000100000000)
  eden space 33280K, 99% used [0x00000000d5c00000,0x00000000d7c65ab8,0x00000000d7c80000)
  from space 5120K, 88% used [0x00000000d7c80000,0x00000000d80ee330,0x00000000d8180000)
  to   space 5120K, 0% used [0x00000000d8180000,0x00000000d8180000,0x00000000d8680000)
 ParOldGen       total 87552K, used 80K [0x0000000081400000, 0x0000000086980000, 0x00000000d5c00000)
  object space 87552K, 0% used [0x0000000081400000,0x0000000081414010,0x0000000086980000)
 Metaspace       used 20265K, capacity 21070K, committed 21248K, reserved 1067008K
  class space    used 2749K, capacity 2950K, committed 3072K, reserved 1048576K
Event: 5.459 GC heap after
Heap after GC invocations=2 (full 0):
 PSYoungGen      total 38400K, used 5088K [0x00000000d5c00000, 0x00000000d8680000, 0x0000000100000000)
  eden space 33280K, 0% used [0x00000000d5c00000,0x00000000d5c00000,0x00000000d7c80000)
  from space 5120K, 99% used [0x00000000d8180000,0x00000000d8678070,0x00000000d8680000)
  to   space 5120K, 0% used [0x00000000d7c80000,0x00000000d7c80000,0x00000000d8180000)
 ParOldGen       total 87552K, used 14308K [0x0000000081400000, 0x0000000086980000, 0x00000000d5c00000)
  object space 87552K, 16% used [0x0000000081400000,0x00000000821f9098,0x0000000086980000)
 Metaspace       used 20265K, capacity 21070K, committed 21248K, reserved 1067008K
  class space    used 2749K, capacity 2950K, committed 3072K, reserved 1048576K
}
Event: 5.459 GC heap before
{Heap before GC invocations=3 (full 1):
 PSYoungGen      total 38400K, used 5088K [0x00000000d5c00000, 0x00000000d8680000, 0x0000000100000000)
  eden space 33280K, 0% used [0x00000000d5c00000,0x00000000d5c00000,0x00000000d7c80000)
  from space 5120K, 99% used [0x00000000d8180000,0x00000000d8678070,0x00000000d8680000)
  to   space 5120K, 0% used [0x00000000d7c80000,0x00000000d7c80000,0x00000000d8180000)
 ParOldGen       total 87552K, used 14308K [0x0000000081400000, 0x0000000086980000, 0x00000000d5c00000)
  object space 87552K, 16% used [0x0000000081400000,0x00000000821f9098,0x0000000086980000)
 Metaspace       used 20265K, capacity 21070K, committed 21248K, reserved 1067008K
  class space    used 2749K, capacity 2950K, committed 3072K, reserved 1048576K
Event: 5.483 GC heap after
Heap after GC invocations=3 (full 1):
 PSYoungGen      total 38400K, used 0K [0x00000000d5c00000, 0x00000000d8680000, 0x0000000100000000)
  eden space 33280K, 0% used [0x00000000d5c00000,0x00000000d5c00000,0x00000000d7c80000)
  from space 5120K, 0% used [0x00000000d8180000,0x00000000d8180000,0x00000000d8680000)
  to   space 5120K, 0% used [0x00000000d7c80000,0x00000000d7c80000,0x00000000d8180000)
 ParOldGen       total 68608K, used 17275K [0x0000000081400000, 0x0000000085700000, 0x00000000d5c00000)
  object space 68608K, 25% used [0x0000000081400000,0x00000000824ded70,0x0000000085700000)
 Metaspace       used 20265K, capacity 21070K, committed 21248K, reserved 1067008K
  class space    used 2749K, capacity 2950K, committed 3072K, reserved 1048576K
}
Event: 10.446 GC heap before
{Heap before GC invocations=4 (full 1):
 PSYoungGen      total 38400K, used 33280K [0x00000000d5c00000, 0x00000000d8680000, 0x0000000100000000)
  eden space 33280K, 100% used [0x00000000d5c00000,0x00000000d7c80000,0x00000000d7c80000)
  from space 5120K, 0% used [0x00000000d8180000,0x00000000d8180000,0x00000000d8680000)
  to   space 5120K, 0% used [0x00000000d7c80000,0x00000000d7c80000,0x00000000d8180000)
 ParOldGen       total 68608K, used 17275K [0x0000000081400000, 0x0000000085700000, 0x00000000d5c00000)
  object space 68608K, 25% used [0x0000000081400000,0x00000000824ded70,0x0000000085700000)
 Metaspace       used 23626K, capacity 24930K, committed 24960K, reserved 1071104K
  class space    used 3162K, capacity 3428K, committed 3456K, reserved 1048576K
Event: 10.450 GC heap after
Heap after GC invocations=4 (full 1):
 PSYoungGen      total 38400K, used 4736K [0x00000000d5c00000, 0x00000000d8680000, 0x0000000100000000)
  eden space 33280K, 0% used [0x00000000d5c00000,0x00000000d5c00000,0x00000000d7c80000)
  from space 5120K, 92% used [0x00000000d7c80000,0x00000000d8120060,0x00000000d8180000)
  to   space 5120K, 0% used [0x00000000d8180000,0x00000000d8180000,0x00000000d8680000)
 ParOldGen       total 68608K, used 17283K [0x0000000081400000, 0x0000000085700000, 0x00000000d5c00000)
  object space 68608K, 25% used [0x0000000081400000,0x00000000824e0d70,0x0000000085700000)
 Metaspace       used 23626K, capacity 24930K, committed 24960K, reserved 1071104K
  class space    used 3162K, capacity 3428K, committed 3456K, reserved 1048576K
}

Deoptimization events (10 events):
Event: 33.512 Thread 0x00000007711fa800 Uncommon trap: reason=unstable_if action=reinterpret pc=0x00000007596c5a04 method=javafx.scene.Node.impl_pickNode(Lcom/sun/javafx/geom/PickRay;Lcom/sun/javafx/scene/input/PickResultChooser;)V @ 11
Event: 34.701 Thread 0x00000007711fa800 Uncommon trap: reason=class_check action=maybe_recompile pc=0x00000007599ef374 method=javafx.scene.CssStyleHelper.createStyleHelper(Ljavafx/scene/Node;)Ljavafx/scene/CssStyleHelper; @ 151
Event: 34.707 Thread 0x00000007711fa800 Uncommon trap: reason=class_check action=maybe_recompile pc=0x00000007599ef374 method=javafx.scene.CssStyleHelper.createStyleHelper(Ljavafx/scene/Node;)Ljavafx/scene/CssStyleHelper; @ 151
Event: 34.708 Thread 0x00000007711fa800 Uncommon trap: reason=bimorphic action=maybe_recompile pc=0x0000000759a7723c method=java.io.FilterInputStream.read()I @ 4
Event: 34.708 Thread 0x00000007711fa800 Uncommon trap: reason=bimorphic action=maybe_recompile pc=0x0000000759a7723c method=java.io.FilterInputStream.read()I @ 4
Event: 34.708 Thread 0x00000007711fa800 Uncommon trap: reason=bimorphic action=maybe_recompile pc=0x0000000759a7723c method=java.io.FilterInputStream.read()I @ 4
Event: 34.708 Thread 0x00000007711fa800 Uncommon trap: reason=bimorphic action=maybe_recompile pc=0x0000000759a7723c method=java.io.FilterInputStream.read()I @ 4
Event: 34.709 Thread 0x00000007711fa800 Uncommon trap: reason=bimorphic action=maybe_recompile pc=0x000000075992a08c method=com.sun.javafx.css.CompoundSelector.stateMatches(Ljavafx/css/Styleable;Ljava/util/Set;I)Z @ 160
Event: 34.711 Thread 0x00000007711fa800 Uncommon trap: reason=class_check action=maybe_recompile pc=0x00000007599ef374 method=javafx.scene.CssStyleHelper.createStyleHelper(Ljavafx/scene/Node;)Ljavafx/scene/CssStyleHelper; @ 151
Event: 34.722 Thread 0x0000000770804000 Uncommon trap: reason=unstable_if action=reinterpret pc=0x0000000759891370 method=com.sun.javafx.sg.prism.NGRegion.renderContent(Lcom/sun/prism/Graphics;)V @ 92

Classes redefined (0 events):
No events

Internal exceptions (10 events):
Event: 0.361 Thread 0x00000007711fa800 Exception <a 'java/lang/ArrayIndexOutOfBoundsException'> (0x00000000d6ff2338) thrown at [C:\jenkins\workspace\8-2-build-windows-amd64-cygwin\jdk8u271\605\hotspot\src\share\vm\runtime\sharedRuntime.cpp, line 609]
Event: 0.412 Thread 0x00000007711fa800 Implicit null exception at 0x0000000758f22635 to 0x0000000758f22809
Event: 5.044 Thread 0x00000007711fa800 Implicit null exception at 0x0000000758f4c854 to 0x0000000758f4cc05
Event: 5.268 Thread 0x00000007711fa800 Exception <a 'java/lang/ArrayIndexOutOfBoundsException'> (0x00000000d6c1c778) thrown at [C:\jenkins\workspace\8-2-build-windows-amd64-cygwin\jdk8u271\605\hotspot\src\share\vm\runtime\sharedRuntime.cpp, line 609]
Event: 5.268 Thread 0x00000007711fa800 Exception <a 'java/lang/ArrayIndexOutOfBoundsException'> (0x00000000d6c1f678) thrown at [C:\jenkins\workspace\8-2-build-windows-amd64-cygwin\jdk8u271\605\hotspot\src\share\vm\runtime\sharedRuntime.cpp, line 609]
Event: 5.388 Thread 0x00000007711fa800 Exception <a 'java/lang/ArrayIndexOutOfBoundsException': 79> (0x00000000d78a0e58) thrown at [C:\jenkins\workspace\8-2-build-windows-amd64-cygwin\jdk8u271\605\hotspot\src\share\vm\interpreter\interpreterRuntime.cpp, line 371]
Event: 5.388 Thread 0x00000007711fa800 Exception <a 'java/lang/ArrayIndexOutOfBoundsException': 52> (0x00000000d78a1e58) thrown at [C:\jenkins\workspace\8-2-build-windows-amd64-cygwin\jdk8u271\605\hotspot\src\share\vm\interpreter\interpreterRuntime.cpp, line 371]
Event: 5.388 Thread 0x00000007711fa800 Exception <a 'java/lang/ArrayIndexOutOfBoundsException': 114> (0x00000000d78a36c8) thrown at [C:\jenkins\workspace\8-2-build-windows-amd64-cygwin\jdk8u271\605\hotspot\src\share\vm\interpreter\interpreterRuntime.cpp, line 371]
Event: 15.744 Thread 0x00000007711fa800 Exception <a 'java/io/FileNotFoundException'> (0x00000000d6f34c38) thrown at [C:\jenkins\workspace\8-2-build-windows-amd64-cygwin\jdk8u271\605\hotspot\src\share\vm\prims\jni.cpp, line 710]
Event: 15.784 Thread 0x00000007711fa800 Exception <a 'java/lang/reflect/InvocationTargetException'> (0x00000000d72c1bc0) thrown at [C:\jenkins\workspace\8-2-build-windows-amd64-cygwin\jdk8u271\605\hotspot\src\share\vm\runtime\reflection.cpp, line 1092]

Events (10 events):
Event: 34.722 Thread 0x0000000770804000 DEOPT PACKING pc=0x0000000759891370 sp=0x0000000770dbe8a0
Event: 34.722 Thread 0x0000000770804000 DEOPT UNPACKING pc=0x0000000758cb5843 sp=0x0000000770dbe858 mode 2
Event: 34.728 Executing VM operation: RevokeBias
Event: 34.728 Executing VM operation: RevokeBias done
Event: 35.875 loading class java/util/Optional
Event: 35.875 loading class java/util/Optional done
Event: 35.880 Thread 0x00000007711fa800 DEOPT PACKING pc=0x000000075904f56c sp=0x0000000771c2d360
Event: 35.880 Thread 0x00000007711fa800 DEOPT UNPACKING pc=0x0000000758cb7898 sp=0x0000000771c2d0c8 mode 0
Event: 35.880 loading class com/sun/javafx/scene/KeyboardShortcutsHandler$1
Event: 35.880 loading class com/sun/javafx/scene/KeyboardShortcutsHandler$1 done


Dynamic libraries:
0x00007ff63b5e0000 - 0x00007ff63b627000 	C:\Program Files\Java\jdk1.8.0_271\bin\java.exe
0x00007ff9b9920000 - 0x00007ff9b9ae2000 	C:\Windows\SYSTEM32\ntdll.dll
0x00007ff9b7700000 - 0x00007ff9b77ad000 	C:\Windows\system32\KERNEL32.DLL
0x00007ff9b6790000 - 0x00007ff9b696d000 	C:\Windows\system32\KERNELBASE.dll
0x00007ff9b6ff0000 - 0x00007ff9b7096000 	C:\Windows\system32\ADVAPI32.dll
0x00007ff9b95c0000 - 0x00007ff9b965d000 	C:\Windows\system32\msvcrt.dll
0x00007ff9b7ac0000 - 0x00007ff9b7b1b000 	C:\Windows\system32\sechost.dll
0x00007ff9b7460000 - 0x00007ff9b7586000 	C:\Windows\system32\RPCRT4.dll
0x00007ff9b7910000 - 0x00007ff9b7a5e000 	C:\Windows\system32\USER32.dll
0x00007ff9b7120000 - 0x00007ff9b72a5000 	C:\Windows\system32\GDI32.dll
0x00007ff9a8e10000 - 0x00007ff9a9084000 	C:\Windows\WinSxS\amd64_microsoft.windows.common-controls_6595b64144ccf1df_6.0.10240.16384_none_f41f7b285750ef43\COMCTL32.dll
0x00007ff9b7b20000 - 0x00007ff9b7b56000 	C:\Windows\system32\IMM32.DLL
0x00007ff9b77b0000 - 0x00007ff9b790c000 	C:\Windows\system32\MSCTF.dll
0x00007ff9a8490000 - 0x00007ff9a84a5000 	C:\Program Files\Java\jdk1.8.0_271\jre\bin\vcruntime140.dll
0x00007ff9b15f0000 - 0x00007ff9b16e2000 	C:\Windows\SYSTEM32\ucrtbase.dll
0x00007ff9a6c60000 - 0x00007ff9a6cfb000 	C:\Program Files\Java\jdk1.8.0_271\jre\bin\msvcp140.dll
0x000000005b140000 - 0x000000005b9af000 	C:\Program Files\Java\jdk1.8.0_271\jre\bin\server\jvm.dll
0x00007ff9b70a0000 - 0x00007ff9b70a8000 	C:\Windows\system32\PSAPI.DLL
0x00007ff9aab10000 - 0x00007ff9aab33000 	C:\Windows\SYSTEM32\WINMM.dll
0x00007ff9aaac0000 - 0x00007ff9aaaec000 	C:\Windows\SYSTEM32\winmmbase.dll
0x00007ff9b6970000 - 0x00007ff9b69b4000 	C:\Windows\system32\cfgmgr32.dll
0x00007ff99bb60000 - 0x00007ff99bb69000 	C:\Windows\SYSTEM32\WSOCK32.dll
0x00007ff9b9260000 - 0x00007ff9b92c9000 	C:\Windows\system32\WS2_32.dll
0x00007ff9b92d0000 - 0x00007ff9b92d8000 	C:\Windows\system32\NSI.dll
0x00007ff9b3f10000 - 0x00007ff9b3f1a000 	C:\Windows\SYSTEM32\VERSION.dll
0x00007ff9b4c20000 - 0x00007ff9b4c47000 	C:\Windows\SYSTEM32\DEVOBJ.dll
0x00007ff9b63a0000 - 0x00007ff9b63af000 	C:\Windows\system32\kernel.appcore.dll
0x00007ff9a81a0000 - 0x00007ff9a81b0000 	C:\Program Files\Java\jdk1.8.0_271\jre\bin\verify.dll
0x00007ff9a8170000 - 0x00007ff9a819b000 	C:\Program Files\Java\jdk1.8.0_271\jre\bin\java.dll
0x00007ff9a8150000 - 0x00007ff9a8168000 	C:\Program Files\Java\jdk1.8.0_271\jre\bin\zip.dll
0x00007ff9b7d30000 - 0x00007ff9b9255000 	C:\Windows\system32\SHELL32.dll
0x00007ff9b69c0000 - 0x00007ff9b6fe8000 	C:\Windows\system32\windows.storage.dll
0x00007ff9b9340000 - 0x00007ff9b95bc000 	C:\Windows\system32\combase.dll
0x00007ff9b76a0000 - 0x00007ff9b76f1000 	C:\Windows\system32\shlwapi.dll
0x00007ff9b64a0000 - 0x00007ff9b6553000 	C:\Windows\system32\shcore.dll
0x00007ff9b6350000 - 0x00007ff9b639a000 	C:\Windows\system32\powrprof.dll
0x00007ff9b63d0000 - 0x00007ff9b63e3000 	C:\Windows\system32\profapi.dll
0x0000000757530000 - 0x0000000757533000 	C:\Program Files\Java\jdk1.8.0_271\jre\bin\api-ms-win-core-console-l1-1-0.dll
0x0000000770a40000 - 0x0000000770a43000 	C:\Program Files\Java\jdk1.8.0_271\jre\bin\api-ms-win-core-console-l1-2-0.dll
0x0000000770a50000 - 0x0000000770a53000 	C:\Program Files\Java\jdk1.8.0_271\jre\bin\api-ms-win-core-datetime-l1-1-0.dll
0x0000000770a60000 - 0x0000000770a63000 	C:\Program Files\Java\jdk1.8.0_271\jre\bin\api-ms-win-core-debug-l1-1-0.dll
0x0000000770a70000 - 0x0000000770a73000 	C:\Program Files\Java\jdk1.8.0_271\jre\bin\api-ms-win-core-errorhandling-l1-1-0.dll
0x0000000770a80000 - 0x0000000770a84000 	C:\Program Files\Java\jdk1.8.0_271\jre\bin\api-ms-win-core-file-l1-1-0.dll
0x0000000770a90000 - 0x0000000770a93000 	C:\Program Files\Java\jdk1.8.0_271\jre\bin\api-ms-win-core-file-l1-2-0.dll
0x0000000770aa0000 - 0x0000000770aa3000 	C:\Program Files\Java\jdk1.8.0_271\jre\bin\api-ms-win-core-file-l2-1-0.dll
0x0000000770ab0000 - 0x0000000770ab3000 	C:\Program Files\Java\jdk1.8.0_271\jre\bin\api-ms-win-core-handle-l1-1-0.dll
0x0000000770ac0000 - 0x0000000770ac3000 	C:\Program Files\Java\jdk1.8.0_271\jre\bin\api-ms-win-core-heap-l1-1-0.dll
0x0000000770ad0000 - 0x0000000770ad3000 	C:\Program Files\Java\jdk1.8.0_271\jre\bin\api-ms-win-core-interlocked-l1-1-0.dll
0x0000000770ae0000 - 0x0000000770ae3000 	C:\Program Files\Java\jdk1.8.0_271\jre\bin\api-ms-win-core-libraryloader-l1-1-0.dll
0x0000000770af0000 - 0x0000000770af3000 	C:\Program Files\Java\jdk1.8.0_271\jre\bin\api-ms-win-core-localization-l1-2-0.dll
0x0000000770b00000 - 0x0000000770b03000 	C:\Program Files\Java\jdk1.8.0_271\jre\bin\api-ms-win-core-memory-l1-1-0.dll
0x0000000770b10000 - 0x0000000770b13000 	C:\Program Files\Java\jdk1.8.0_271\jre\bin\api-ms-win-core-namedpipe-l1-1-0.dll
0x0000000770b20000 - 0x0000000770b23000 	C:\Program Files\Java\jdk1.8.0_271\jre\bin\api-ms-win-core-processenvironment-l1-1-0.dll
0x0000000770b30000 - 0x0000000770b33000 	C:\Program Files\Java\jdk1.8.0_271\jre\bin\api-ms-win-core-processthreads-l1-1-0.dll
0x0000000770b40000 - 0x0000000770b43000 	C:\Program Files\Java\jdk1.8.0_271\jre\bin\api-ms-win-core-processthreads-l1-1-1.dll
0x0000000770b50000 - 0x0000000770b53000 	C:\Program Files\Java\jdk1.8.0_271\jre\bin\api-ms-win-core-profile-l1-1-0.dll
0x0000000770b60000 - 0x0000000770b63000 	C:\Program Files\Java\jdk1.8.0_271\jre\bin\api-ms-win-core-rtlsupport-l1-1-0.dll
0x0000000770b70000 - 0x0000000770b73000 	C:\Program Files\Java\jdk1.8.0_271\jre\bin\api-ms-win-core-string-l1-1-0.dll
0x0000000770b80000 - 0x0000000770b83000 	C:\Program Files\Java\jdk1.8.0_271\jre\bin\api-ms-win-core-synch-l1-1-0.dll
0x0000000770b90000 - 0x0000000770b93000 	C:\Program Files\Java\jdk1.8.0_271\jre\bin\api-ms-win-core-synch-l1-2-0.dll
0x0000000770ba0000 - 0x0000000770ba3000 	C:\Program Files\Java\jdk1.8.0_271\jre\bin\api-ms-win-core-sysinfo-l1-1-0.dll
0x0000000770bb0000 - 0x0000000770bb3000 	C:\Program Files\Java\jdk1.8.0_271\jre\bin\api-ms-win-core-timezone-l1-1-0.dll
0x0000000770bc0000 - 0x0000000770bc3000 	C:\Program Files\Java\jdk1.8.0_271\jre\bin\api-ms-win-core-util-l1-1-0.dll
0x0000000770bd0000 - 0x0000000770bd3000 	C:\Program Files\Java\jdk1.8.0_271\jre\bin\api-ms-win-crt-conio-l1-1-0.dll
0x0000000770be0000 - 0x0000000770be4000 	C:\Program Files\Java\jdk1.8.0_271\jre\bin\api-ms-win-crt-convert-l1-1-0.dll
0x0000000770bf0000 - 0x0000000770bf3000 	C:\Program Files\Java\jdk1.8.0_271\jre\bin\api-ms-win-crt-environment-l1-1-0.dll
0x0000000770c00000 - 0x0000000770c03000 	C:\Program Files\Java\jdk1.8.0_271\jre\bin\api-ms-win-crt-filesystem-l1-1-0.dll
0x0000000770c10000 - 0x0000000770c13000 	C:\Program Files\Java\jdk1.8.0_271\jre\bin\api-ms-win-crt-heap-l1-1-0.dll
0x0000000770c20000 - 0x0000000770c23000 	C:\Program Files\Java\jdk1.8.0_271\jre\bin\api-ms-win-crt-locale-l1-1-0.dll
0x0000000770c30000 - 0x0000000770c35000 	C:\Program Files\Java\jdk1.8.0_271\jre\bin\api-ms-win-crt-math-l1-1-0.dll
0x0000000770c40000 - 0x0000000770c45000 	C:\Program Files\Java\jdk1.8.0_271\jre\bin\api-ms-win-crt-multibyte-l1-1-0.dll
0x0000000770c50000 - 0x0000000770c60000 	C:\Program Files\Java\jdk1.8.0_271\jre\bin\api-ms-win-crt-private-l1-1-0.dll
0x0000000770c60000 - 0x0000000770c63000 	C:\Program Files\Java\jdk1.8.0_271\jre\bin\api-ms-win-crt-process-l1-1-0.dll
0x0000000770c70000 - 0x0000000770c74000 	C:\Program Files\Java\jdk1.8.0_271\jre\bin\api-ms-win-crt-runtime-l1-1-0.dll
0x0000000770c80000 - 0x0000000770c84000 	C:\Program Files\Java\jdk1.8.0_271\jre\bin\api-ms-win-crt-stdio-l1-1-0.dll
0x0000000770c90000 - 0x0000000770c94000 	C:\Program Files\Java\jdk1.8.0_271\jre\bin\api-ms-win-crt-string-l1-1-0.dll
0x0000000770ca0000 - 0x0000000770ca3000 	C:\Program Files\Java\jdk1.8.0_271\jre\bin\api-ms-win-crt-time-l1-1-0.dll
0x0000000770cb0000 - 0x0000000770cb3000 	C:\Program Files\Java\jdk1.8.0_271\jre\bin\api-ms-win-crt-utility-l1-1-0.dll
0x00007ff9a24e0000 - 0x00007ff9a25da000 	C:\Program Files\Java\jdk1.8.0_271\jre\bin\ucrtbase.dll
0x00007ff9aaaf0000 - 0x00007ff9aaafc000 	C:\Windows\System32\vcruntime140_1.dll
0x00007ff9a80f0000 - 0x00007ff9a8113000 	C:\Program Files\Java\jdk1.8.0_271\jre\bin\prism_d3d.dll
0x00007ff9ac040000 - 0x00007ff9ac250000 	C:\Windows\system32\d3d9.dll
0x00007ff9b36a0000 - 0x00007ff9b36c2000 	C:\Windows\SYSTEM32\dwmapi.dll
0x00007ff9b4dd0000 - 0x00007ff9b4e66000 	C:\Windows\system32\uxtheme.dll
0x00007ff97ea60000 - 0x00007ff9822b9000 	C:\Windows\SYSTEM32\igdumdim64.dll
0x00007ff9b9710000 - 0x00007ff9b97ce000 	C:\Windows\system32\OLEAUT32.dll
0x00007ff9b97d0000 - 0x00007ff9b9911000 	C:\Windows\system32\ole32.dll
0x00007ff9b7b60000 - 0x00007ff9b7d25000 	C:\Windows\system32\SETUPAPI.dll
0x00007ff9a6bc0000 - 0x00007ff9a6c05000 	C:\Program Files\Java\jdk1.8.0_271\jre\bin\glass.dll
0x00007ff9b7590000 - 0x00007ff9b7668000 	C:\Windows\system32\COMDLG32.dll
0x00007ff9b61a0000 - 0x00007ff9b620b000 	C:\Windows\SYSTEM32\bcryptPrimitives.dll
0x00007ff9ad0f0000 - 0x00007ff9ae6f2000 	C:\Windows\SYSTEM32\igc64.dll
0x00007ff9a7960000 - 0x00007ff9a7974000 	C:\Program Files\Java\jdk1.8.0_271\jre\bin\javafx_font.dll
0x00007ff9a72f0000 - 0x00007ff9a7549000 	C:\Windows\SYSTEM32\dwrite.dll
0x00007ff9b9660000 - 0x00007ff9b9705000 	C:\Windows\system32\clbcatq.dll
0x00007ff9aa070000 - 0x00007ff9aa222000 	C:\Windows\SYSTEM32\WindowsCodecs.dll
0x00007ff9b5e90000 - 0x00007ff9b5eb8000 	C:\Windows\SYSTEM32\bcrypt.dll
0x00007ff9b5bc0000 - 0x00007ff9b5bd7000 	C:\Windows\SYSTEM32\cryptsp.dll
0x00007ff9b5810000 - 0x00007ff9b5843000 	C:\Windows\system32\rsaenh.dll
0x00007ff9b5d10000 - 0x00007ff9b5d1b000 	C:\Windows\SYSTEM32\CRYPTBASE.dll
0x00007ff9a3040000 - 0x00007ff9a3086000 	C:\Windows\system32\dataexchange.dll
0x00007ff9a9730000 - 0x00007ff9a9c75000 	C:\Windows\system32\d2d1.dll
0x00007ff9b33f0000 - 0x00007ff9b3693000 	C:\Windows\system32\d3d11.dll
0x00007ff9b4540000 - 0x00007ff9b4611000 	C:\Windows\system32\dcomp.dll
0x00007ff9b32b0000 - 0x00007ff9b334c000 	C:\Windows\system32\dxgi.dll
0x00007ff9b4c50000 - 0x00007ff9b4d3e000 	C:\Windows\system32\twinapi.appcore.dll
0x00007ff9b5940000 - 0x00007ff9b595f000 	C:\Windows\system32\USERENV.dll
0x00007ff9a78b0000 - 0x00007ff9a78e4000 	C:\Program Files\Common Files\Microsoft Shared\Ink\rtscom.dll
0x00007ff9a6ba0000 - 0x00007ff9a6bb2000 	C:\Program Files\Java\jdk1.8.0_271\jre\bin\prism_common.dll
0x00007ff99c670000 - 0x00007ff99c8de000 	C:\Windows\SYSTEM32\D3D10Warp.dll
0x00007ff9a6b80000 - 0x00007ff9a6b9c000 	C:\Program Files\Java\jdk1.8.0_271\jre\bin\net.dll
0x00007ff9b5b60000 - 0x00007ff9b5bbd000 	C:\Windows\system32\mswsock.dll
0x00007ff99c4d0000 - 0x00007ff99c664000 	C:\Program Files\Java\jdk1.8.0_271\jre\bin\awt.dll
0x00007ff9b4a80000 - 0x00007ff9b4af8000 	C:\Windows\system32\apphelp.dll
0x00007ff9b30a0000 - 0x00007ff9b322a000 	C:\Windows\SYSTEM32\dbghelp.dll

VM Arguments:
jvm_args: -Dfile.encoding=UTF-8 
java_command: controller.Main2
java_class_path (initial): C:\Users\holasur\Documents\NetBeansProjects\QuinielaV6\dist\QuinielaV6.jar;C:\Program Files\Java\jdk1.8.0_271\jre\lib\javaws.jar;C:\Program Files\Java\jdk1.8.0_271\jre\lib\deploy.jar;C:\Program Files\Java\jdk1.8.0_271\jre\lib\plugin.jar;C:\Users\holasur\Desktop\programas\javafx_9\Ejercicio_discoduroderoer_javafx_9\Ejercicio_discoduroderoer_javafx_9\lib\mysql-connector-java-5.1.22-bin.jar;C:\Users\holasur\Desktop\programas\mysql-connector-java-8.0.22.zip;C:\Users\holasur\Desktop\programas\EjemploJavaConJasperreport-master\EjemploJavaConJasperreport-master\bibliotecas\AbsoluteLayout.jar;C:\Users\holasur\Desktop\programas\EjemploJavaConJasperreport-master\EjemploJavaConJasperreport-master\bibliotecas\commons-beanutils-1.9.4.jar;C:\Users\holasur\Desktop\programas\EjemploJavaConJasperreport-master\EjemploJavaConJasperreport-master\bibliotecas\commons-codec-1.10.jar;C:\Users\holasur\Desktop\programas\EjemploJavaConJasperreport-master\EjemploJavaConJasperreport-master\bibliotecas\commons-collections4-4.1.jar;C:\Users\holasur\Desktop\programas\EjemploJavaConJasperreport-master\EjemploJavaConJasperreport-master\bibliotecas\commons-digester-2.1.jar;C:\Users\holasur\Desktop\programas\EjemploJavaConJasperreport-master\EjemploJavaConJasperreport-master\bibliotecas\commons-logging-1.2.jar;C:\Users\holasur\Desktop\programas\EjemploJavaConJasperreport-master\EjemploJavaConJasperreport-master\bibliotecas\groovy-all-2.4.5.jar;C:\Users\holasur\Desktop\programas\EjemploJavaConJasperreport-master\EjemploJavaConJasperreport-master\bibliotecas\itext-pdfa-5.5.4.jar;C:\Users\holasur\Desktop\programas\EjemploJavaConJasperreport-master\EjemploJavaConJasperreport-master\bibliotecas\itextpdf-5.5.4.jar;C:\Users\holasur\Desktop\programas\EjemploJavaConJasperreport-master\EjemploJavaConJasperreport-master\bibliotecas\jasperreports-6.11.0.jar;C:\Users\holasur\Desktop\programas\EjemploJavaConJasperreport-master\EjemploJavaConJasperreport-master\bibliotecas\jfreechart-1.0
Launcher Type: SUN_STANDARD

Environment Variables:
PATH=C:\Program Files (x86)\Common Files\Oracle\Java\javapath;C:\ProgramData\Oracle\Java\javapath;C:\Windows\system32;C:\Windows;C:\Windows\System32\Wbem;C:\Windows\System32\WindowsPowerShell\v1.0\;C:\Program Files (x86)\NVIDIA Corporation\PhysX\Common;C:\Program Files\nodejs\;C:\Users\holasur\AppData\Roaming\npm
USERNAME=holasur
OS=Windows_NT
PROCESSOR_IDENTIFIER=Intel64 Family 6 Model 142 Stepping 10, GenuineIntel



---------------  S Y S T E M  ---------------

OS: Windows 10.0 , 64 bit Build 10240 (10.0.10240.16384)

CPU:total 8 (initial active 8) (4 cores per cpu, 2 threads per core) family 6 model 142 stepping 10, cmov, cx8, fxsr, mmx, sse, sse2, sse3, ssse3, sse4.1, sse4.2, popcnt, avx, avx2, aes, clmul, erms, 3dnowpref, lzcnt, ht, tsc, tscinvbit, bmi1, bmi2, adx

Memory: 4k page, physical 8301668k(3141188k free), swap 9612388k(2756524k free)

vm_info: Java HotSpot(TM) 64-Bit Server VM (25.271-b09) for windows-amd64 JRE (1.8.0_271-b09), built on Sep 16 2020 19:14:59 by "" with MS VC++ 15.9 (VS2017)

time: Sun Jan 17 14:02:17 2021
timezone: Hora estándar de Argentina
elapsed time: 36.041811 seconds (0d 0h 0m 36s)

